<?xml version="1.0" encoding="UTF-8"?>
<testng-results ignored="0" total="3" passed="3" failed="0" skipped="0">
  <reporter-output>
  </reporter-output>
  <suite started-at="2023-05-30T09:20:42 IST" name="Default suite" finished-at="2023-05-30T09:20:42 IST" duration-ms="820">
    <groups>
    </groups>
    <test started-at="2023-05-30T09:20:42 IST" name="Default test" finished-at="2023-05-30T09:20:42 IST" duration-ms="820">
      <class name="Practice.DataProviderWithExcel">
        <test-method signature="bookTickets(java.lang.String,java.lang.String)[pri:0, instance:Practice.DataProviderWithExcel@1b2abca6]" started-at="2023-05-30T09:20:42 IST" name="bookTickets" data-provider="dataProvider" finished-at="2023-05-30T09:20:42 IST" duration-ms="11" status="PASS">
          <params>
            <param index="0">
              <value>
                <![CDATA[Bangalore]]>
              </value>
            </param>
            <param index="1">
              <value>
                <![CDATA[Goa]]>
              </value>
            </param>
          </params>
          <reporter-output>
          </reporter-output>
        </test-method> <!-- bookTickets -->
        <test-method signature="bookTickets(java.lang.String,java.lang.String)[pri:0, instance:Practice.DataProviderWithExcel@1b2abca6]" started-at="2023-05-30T09:20:42 IST" name="bookTickets" data-provider="dataProvider" finished-at="2023-05-30T09:20:42 IST" duration-ms="3" status="PASS">
          <params>
            <param index="0">
              <value>
                <![CDATA[Bangalore]]>
              </value>
            </param>
            <param index="1">
              <value>
                <![CDATA[Mumbai]]>
              </value>
            </param>
          </params>
          <reporter-output>
          </reporter-output>
        </test-method> <!-- bookTickets -->
        <test-method signature="bookTickets(java.lang.String,java.lang.String)[pri:0, instance:Practice.DataProviderWithExcel@1b2abca6]" started-at="2023-05-30T09:20:42 IST" name="bookTickets" data-provider="dataProvider" finished-at="2023-05-30T09:20:42 IST" duration-ms="2" status="PASS">
          <params>
            <param index="0">
              <value>
                <![CDATA[Bangalore]]>
              </value>
            </param>
            <param index="1">
              <value>
                <![CDATA[Hyderbad]]>
              </value>
            </param>
          </params>
          <reporter-output>
          </reporter-output>
        </test-method> <!-- bookTickets -->
      </class> <!-- Practice.DataProviderWithExcel -->
    </test> <!-- Default test -->
  </suite> <!-- Default suite -->
</testng-results>
