<?xml version="1.0" encoding="UTF-8"?>
<!-- Generated by org.testng.reporters.JUnitXMLReporter -->
<testsuite ignored="0" hostname="Vinay" failures="0" tests="3" name="Default test" time="0.977" errors="0" timestamp="2023-04-14T15:19:05 IST">
  <testcase classname="Practice.DataProviderWithExcel" name="bookTickets" time="0.01"/>
  <testcase classname="Practice.DataProviderWithExcel" name="bookTickets" time="0.002"/>
  <testcase classname="Practice.DataProviderWithExcel" name="bookTickets" time="0.002"/>
</testsuite> <!-- Default test -->
