<?xml version="1.0" encoding="UTF-8"?>
<!-- Generated by org.testng.reporters.JUnitXMLReporter -->
<testsuite ignored="0" hostname="Vinay" failures="0" tests="3" name="Default test" time="0.82" errors="0" timestamp="2023-05-30T09:20:43 IST">
  <testcase classname="Practice.DataProviderWithExcel" name="bookTickets" time="0.011"/>
  <testcase classname="Practice.DataProviderWithExcel" name="bookTickets" time="0.003"/>
  <testcase classname="Practice.DataProviderWithExcel" name="bookTickets" time="0.002"/>
</testsuite> <!-- Default test -->
